#
# A fatal error has been detected by the Java Runtime Environment:
#
#  EXCEPTION_ACCESS_VIOLATION (0xc0000005) at pc=0x00007ff900a283c3, pid=8880, tid=1368
#
# JRE version: OpenJDK Runtime Environment (24.0+36) (build 24+36-3646)
# Java VM: OpenJDK 64-Bit Server VM (24+36-3646, mixed mode, sharing, tiered, compressed oops, compressed class ptrs, g1 gc, windows-amd64)
# Problematic frame:
# C  [libasyncProfiler.dll+0x983c3]
#
# No core dump will be written. Minidumps are not enabled by default on client versions of Windows
#
# JFR recording file will be written. Location: C:\Users\eduardomacal-ieg\OneDrive - Instituto J&F\germinare\2025\ti\lpr\array\projects\Exceptions\hs_err_pid8880.jfr
#
# If you would like to submit a bug report, please visit:
#   https://bugreport.java.com/bugreport/crash.jsp
# The crash happened outside the Java Virtual Machine in native code.
# See problematic frame for where to report the bug.
#

---------------  S U M M A R Y ------------

Command Line: -javaagent:C:\Program Files\JetBrains\IntelliJ IDEA 2022.3.2\lib\idea_rt.jar=61184:C:\Program Files\JetBrains\IntelliJ IDEA 2022.3.2\bin -agentpath:C:\Users\eduardomacal-ieg\AppData\Local\Temp\libasyncProfiler.dll=start,jfr,event=cpu,interval=10ms,jfrsync=profile,cstack=no,file=C:\Users\eduardomacal-ieg\Executor_2025_05_23_083820.jfr -Dfile.encoding=UTF-8 -Dsun.stdout.encoding=UTF-8 -Dsun.stderr.encoding=UTF-8 Tasks.Executor

Host: 12th Gen Intel(R) Core(TM) i7-1255U, 12 cores, 15G,  Windows 11 , 64 bit Build 26100 (10.0.26100.3775)
Time: Fri May 23 08:38:22 2025 Hora oficial do Brasil elapsed time: 2.242913 seconds (0d 0h 0m 2s)

---------------  T H R E A D  ---------------

Current thread (0x000001d516b6e9e0):  JavaThread "main"             [_thread_in_native, id=1368, stack(0x0000002480900000,0x0000002480a00000) (1024K)]

Stack: [0x0000002480900000,0x0000002480a00000],  sp=0x00000024809fe5c0,  free space=1017k
Native frames: (J=compiled Java code, j=interpreted, Vv=VM code, C=native code)
C  [libasyncProfiler.dll+0x983c3]  (no source info available)
C  [libasyncProfiler.dll+0x972c4]  (no source info available)
C  [libasyncProfiler.dll+0x97ba7]  (no source info available)
C  [libasyncProfiler.dll+0x92711]  (no source info available)
C  [libasyncProfiler.dll+0x8609a]  (no source info available)
C  [libasyncProfiler.dll+0x84be0]  (no source info available)
C  [libasyncProfiler.dll+0x84ab4]  (no source info available)
C  [libasyncProfiler.dll+0x8a35d]  (no source info available)
V  [jvm.dll+0x5e3a5e]  (no source info available)
V  [jvm.dll+0x8861e6]  (no source info available)
V  [jvm.dll+0x49604e]  (no source info available)
V  [jvm.dll+0x497e21]  (no source info available)
C  [jli.dll+0x52a1]  (no source info available)
C  [ucrtbase.dll+0x37b0]  (no source info available)
C  [KERNEL32.DLL+0x2e8d7]  (no source info available)
C  [ntdll.dll+0xb14fc]  (no source info available)


siginfo: EXCEPTION_ACCESS_VIOLATION (0xc0000005), reading address 0xffffffffffffffff


Registers:
RAX=0x007ff8ace02ff010, RBX=0x0000000000000000, RCX=0x0000000000000010, RDX=0x000001d537801550
RSP=0x00000024809fe5c0, RBP=0x000001d537801550, RSI=0x00000024809fe6c8, RDI=0x000001d516b6eda8
R8 =0x000001d516b6e9e0, R9 =0x0000000714801ee8, R10=0x00007ff8ad079fc0, R11=0x0000000000000008
R12=0x00000024809fe6c8, R13=0x000001d514b4adf0, R14=0x000001d516b6eda8, R15=0x000000000000001b
RIP=0x00007ff900a283c3, EFLAGS=0x0000000000010202

XMM[0]=0x0000000000000000 0x0000000000000000
XMM[1]=0x0000000000000000 0x0000000000000000
XMM[2]=0x0000000000000000 0x0000000000000000
XMM[3]=0x0000000000000000 0x0000000000000000
XMM[4]=0x0000000000000000 0x0000000000000000
XMM[5]=0x0000000000000000 0x0000000000000000
XMM[6]=0x00007ff900b3b300 0x00007ff900a6d800
XMM[7]=0x000000000000000f 0x0000000000000000
XMM[8]=0x0000000000000000 0x0000000000000000
XMM[9]=0x0000000000000000 0x0000000000000000
XMM[10]=0x0000000000000000 0x0000000000000000
XMM[11]=0x0000000000000000 0x0000000000000000
XMM[12]=0x0000000000000000 0x0000000000000000
XMM[13]=0x0000000000000000 0x0000000000000000
XMM[14]=0x0000000000000000 0x0000000000000000
XMM[15]=0x0000000000000000 0x0000000000000000
  MXCSR=0x00001fa0


Register to memory mapping:

RAX=0x007ff8ace02ff010 is an unknown value
RBX=0x0 is null
RCX=0x0000000000000010 is an unknown value
RDX=0x000001d537801550 points into unknown readable memory: 0x0000000714801ee8 | e8 1e 80 14 07 00 00 00
RSP=0x00000024809fe5c0 is pointing into the stack for thread: 0x000001d516b6e9e0
RBP=0x000001d537801550 points into unknown readable memory: 0x0000000714801ee8 | e8 1e 80 14 07 00 00 00
RSI=0x00000024809fe6c8 is pointing into the stack for thread: 0x000001d516b6e9e0
RDI=0x000001d516b6eda8 points into unknown readable memory: 0x00007ff8acfe17b0 | b0 17 fe ac f8 7f 00 00
R8 =0x000001d516b6e9e0 is a thread
R9 =0x0000000714801ee8 is an oop: java.lang.Thread 
{0x0000000714801ee8} - klass: 'java/lang/Thread' - flags: 

 - ---- fields (total size 14 words):
 - 'threadLocalRandomProbe' 'I' @12  0 (0x00000000)
 - private volatile 'eetop' 'J' @16  2014720748000 (0x000001d516b6e9e0)
 - private final 'tid' 'J' @24  3 (0x0000000000000003)
 - 'threadLocalRandomSeed' 'J' @32  0 (0x0000000000000000)
 - injected 'jvmti_thread_state' 'J' @40  2014686242768 (0x000001d514a867d0)
 - 'threadLocalRandomSecondarySeed' 'I' @48  0 (0x00000000)
 - injected 'jvmti_VTMS_transition_disable_count' 'I' @52  0 (0x00000000)
 - injected 'jfr_epoch' 'S' @56  0 (0x0000)
 - volatile 'interrupted' 'Z' @58  false (0x00)
 - injected 'jvmti_is_in_VTMS_transition' 'Z' @59  false (0x00)
 - private volatile 'name' 'Ljava/lang/String;' @60  "main"{0x0000000714801f58} (0xe29003eb)
 - private volatile 'contextClassLoader' 'Ljava/lang/ClassLoader;' @64  a 'jdk/internal/loader/ClassLoaders$AppClassLoader'{0x0000000714816150} (0xe2902c2a)
 - private final 'holder' 'Ljava/lang/Thread$FieldHolder;' @68  a 'java/lang/Thread$FieldHolder'{0x0000000714801f98} (0xe29003f3)
 - 'threadLocals' 'Ljava/lang/ThreadLocal$ThreadLocalMap;' @72  a 'java/lang/ThreadLocal$ThreadLocalMap'{0x000000071463e108} (0xe28c7c21)
 - 'inheritableThreadLocals' 'Ljava/lang/ThreadLocal$ThreadLocalMap;' @76  null (0x00000000)
 - private 'scopedValueBindings' 'Ljava/lang/Object;' @80  a 'java/lang/Class'{0x00000007ffe7c280} = 'java/lang/Thread' (0xfffcf850)
 - final 'interruptLock' 'Ljava/lang/Object;' @84  a 'java/lang/Object'{0x0000000714801f88} (0xe29003f1)
 - private volatile 'parkBlocker' 'Ljava/lang/Object;' @88  null (0x00000000)
 - private 'nioBlocker' 'Lsun/nio/ch/Interruptible;' @92  null (0x00000000)
 - private 'cont' 'Ljdk/internal/vm/Continuation;' @96  null (0x00000000)
 - private volatile 'uncaughtExceptionHandler' 'Ljava/lang/Thread$UncaughtExceptionHandler;' @100  null (0x00000000)
 - private 'container' 'Ljdk/internal/vm/ThreadContainer;' @104  null (0x00000000)
 - private volatile 'headStackableScopes' 'Ljdk/internal/vm/StackableScope;' @108  null (0x00000000)
R10=0x00007ff8ad079fc0 jvm.dll
R11=0x0000000000000008 is an unknown value
R12=0x00000024809fe6c8 is pointing into the stack for thread: 0x000001d516b6e9e0
R13=0x000001d514b4adf0 points into unknown readable memory: 0x00007ff8acfea510 | 10 a5 fe ac f8 7f 00 00
R14=0x000001d516b6eda8 points into unknown readable memory: 0x00007ff8acfe17b0 | b0 17 fe ac f8 7f 00 00
R15=0x000000000000001b is an unknown value

Top of Stack: (sp=0x00000024809fe5c0)
0x00000024809fe5c0:   fffffffffffffffe 0000000000000000   ................
0x00000024809fe5d0:   0000000000000000 000001d57e67fa00   ..........g~....
0x00000024809fe5e0:   000001d57e67fa00 00007ff900a272c4   ..g~.....r......
0x00000024809fe5f0:   0000000000000000 000000000000001b   ................
0x00000024809fe600:   0000000000000000 0000000000000000   ................
0x00000024809fe610:   000000000000000c 000001d57e65fd70   ........p.e~....
0x00000024809fe620:   fffffffffffffffe 000001d57e67fa00   ..........g~....
0x00000024809fe630:   000001d57e67fa6c 000001d57e67fa70   l.g~....p.g~....
0x00000024809fe640:   00001e52000002ec 0000000000000000   ....R...........
0x00000024809fe650:   0000000000000000 0000000000000000   ................
0x00000024809fe660:   00007ff900baae30 0000000000000001   0...............
0x00000024809fe670:   00007ff900ba51f0 0000000000000000   .Q..............
0x00000024809fe680:   00007ff900baade0 00007ff900a27ba7   .........{......
0x00000024809fe690:   000001d516b6eda8 00000000000022b0   ........."......
0x00000024809fe6a0:   00000024809fe710 00000000ffffffff   ....$...........
0x00000024809fe6b0:   0000000000000000 00000024809fe6f0   ............$...
0x00000024809fe6c0:   00007ff900b3d3f4 000001d57e7fd9c0   ...........~....
0x00000024809fe6d0:   000001d57e7fdd20 000001d57e7fdd20    ..~.... ..~....
0x00000024809fe6e0:   000001d516b6eda8 000001d516b6eda8   ................
0x00000024809fe6f0:   fffffffffffffffe 00007ff900baade0   ................
0x00000024809fe700:   000001d57e721b30 000000000000000c   0.r~............
0x00000024809fe710:   00007ff900baae30 00007ff900ba51f0   0........Q......
0x00000024809fe720:   00007ff900ba51f0 0000000000000000   .Q..............
0x00000024809fe730:   0000000000989680 00000024809fea38   ........8...$...
0x00000024809fe740:   00000024809fe850 00007ff900a22711   P...$....'......
0x00000024809fe750:   00007ff900baae38 003ec4bd00001000   8.............>.
0x00000024809fe760:   00007ff900baae38 0000000000010000   8...............
0x00000024809fe770:   0000000000010000 00007ffffffeffff   ................
0x00000024809fe780:   0000000000000fff 000000000000000c   ................
0x00000024809fe790:   0000c2e5f91ec295 0000000001954fc4   .........O......
0x00000024809fe7a0:   0000000000000000 0000000000000003   ................
0x00000024809fe7b0:   ffffffff00000000 00007ff900baae38   ........8.......

Instructions: (pc=0x00007ff900a283c3)
  0x00007ff900a282c3:   f7 ff 48 8b d8 4c 8d 46 08 48 8b 56 10 48 8b c8
  0x00007ff900a282d3:   e8 2c 93 f6 ff 48 89 5e 10 f0 44 0f c1 36 48 8b
  0x00007ff900a282e3:   9c 24 98 00 00 00 48 83 c4 50 41 5f 41 5e 5f 5e
  0x00007ff900a282f3:   5d c3 cc cc cc cc cc cc cc cc cc cc cc cc cc cc
  0x00007ff900a28303:   cc cc cc cc cc cc cc cc cc cc cc cc cc cc cc cc
  0x00007ff900a28313:   cc cc cc cc cc cc cc cc cc cc cc cc cc cc cc cc
  0x00007ff900a28323:   cc cc cc cc cc cc cc cc cc cc cc cc cc cc cc cc
  0x00007ff900a28333:   cc cc cc cc cc cc cc cc cc cc cc cc cc cc cc cc
  0x00007ff900a28343:   cc cc cc cc cc cc cc cc cc cc cc cc cc cc cc cc
  0x00007ff900a28353:   cc cc cc cc cc cc cc cc cc cc cc cc cc cc cc cc
  0x00007ff900a28363:   cc cc cc cc cc cc cc cc cc cc cc cc cc 48 89 5c
  0x00007ff900a28373:   24 08 48 89 6c 24 10 48 89 74 24 18 57 48 83 ec
  0x00007ff900a28383:   20 49 8b e8 48 8b f2 4c 8b 05 af 2c 18 00 48 8b
  0x00007ff900a28393:   f9 4d 85 c0 74 30 48 8b 01 48 8b d5 4c 8b 88 28
  0x00007ff900a283a3:   03 00 00 41 ff d1 4c 8b c0 48 85 c0 74 18 48 63
  0x00007ff900a283b3:   05 68 cf 17 00 48 63 0d 6d cf 17 00 4a 8b 04 00
=>0x00007ff900a283c3:   44 8b 0c 01 eb 35 80 3d cc 2b 18 00 00 74 57 48
  0x00007ff900a283d3:   8b 05 9f 28 18 00 4c 8d 44 24 48 48 8b 0d 83 28
  0x00007ff900a283e3:   18 00 48 8b d5 ff d0 85 c0 41 b9 ff ff ff ff 44
  0x00007ff900a283f3:   0f 44 4c 24 48 41 83 f9 ff 74 2b 4c 8b 16 33 c9
  0x00007ff900a28403:   4c 8b 46 08 4d 2b c2 49 c1 f8 05 4d 85 c0 74 16
  0x00007ff900a28413:   49 8b d2 44 3b 0a 74 25 ff c1 48 83 c2 20 48 63
  0x00007ff900a28423:   c1 49 3b c0 72 ed 32 c0 48 8b 5c 24 30 48 8b 6c
  0x00007ff900a28433:   24 38 48 8b 74 24 40 48 83 c4 20 5f c3 48 63 d9
  0x00007ff900a28443:   48 c1 e3 05 4a 83 7c 13 18 00 75 da 48 8b 07 48
  0x00007ff900a28453:   8b d5 48 8b cf 4c 8b 80 a8 00 00 00 41 ff d0 48
  0x00007ff900a28463:   8b 0e 48 89 44 0b 18 b0 01 eb bd cc cc cc cc cc
  0x00007ff900a28473:   cc cc cc cc cc cc cc cc cc cc cc cc cc cc cc cc
  0x00007ff900a28483:   cc cc cc cc cc cc cc cc cc cc cc cc cc cc cc cc
  0x00007ff900a28493:   cc cc cc cc cc cc cc cc cc cc cc cc cc cc cc cc
  0x00007ff900a284a3:   cc cc cc cc cc cc cc cc cc cc cc cc cc 40 53 48
  0x00007ff900a284b3:   83 ec 20 48 8b 01 48 8b d9 b2 0a 48 63 48 04 48


Stack slot to memory mapping:

stack at sp + 0 slots: 0xfffffffffffffffe is an unknown value
stack at sp + 1 slots: 0x0 is null
stack at sp + 2 slots: 0x0 is null
stack at sp + 3 slots: 0x000001d57e67fa00 points into unknown readable memory: 0x000041a800002480 | 80 24 00 00 a8 41 00 00
stack at sp + 4 slots: 0x000001d57e67fa00 points into unknown readable memory: 0x000041a800002480 | 80 24 00 00 a8 41 00 00
stack at sp + 5 slots: 0x00007ff900a272c4 libasyncProfiler.dll
stack at sp + 6 slots: 0x0 is null
stack at sp + 7 slots: 0x000000000000001b is an unknown value

Lock stack of current Java thread (top to bottom):


---------------  P R O C E S S  ---------------

Threads class SMR info:
_java_thread_list=0x000001d57e6cc070, length=19, elements={
0x000001d516b6e9e0, 0x000001d516d06560, 0x000001d516d08eb0, 0x000001d516d0b9f0,
0x000001d516d0c520, 0x000001d516d0f1d0, 0x000001d516d0fd00, 0x000001d516d0e390,
0x000001d516d14840, 0x000001d53765b2b0, 0x000001d5377fc280, 0x000001d57d0ed8b0,
0x000001d57d239d40, 0x000001d57e705020, 0x000001d57e6ebc30, 0x000001d57e663ea0,
0x000001d57d473150, 0x000001d57e82f690, 0x000001d57e82ed60
}

Java Threads: ( => current thread )
=>0x000001d516b6e9e0 JavaThread "main"                              [_thread_in_native, id=1368, stack(0x0000002480900000,0x0000002480a00000) (1024K)]
  0x000001d516d06560 JavaThread "Reference Handler"          daemon [_thread_blocked, id=21248, stack(0x0000002481100000,0x0000002481200000) (1024K)]
  0x000001d516d08eb0 JavaThread "Finalizer"                  daemon [_thread_blocked, id=35224, stack(0x0000002481200000,0x0000002481300000) (1024K)]
  0x000001d516d0b9f0 JavaThread "Signal Dispatcher"          daemon [_thread_blocked, id=12640, stack(0x0000002481300000,0x0000002481400000) (1024K)]
  0x000001d516d0c520 JavaThread "Attach Listener"            daemon [_thread_blocked, id=34440, stack(0x0000002481400000,0x0000002481500000) (1024K)]
  0x000001d516d0f1d0 JavaThread "Service Thread"             daemon [_thread_blocked, id=9320, stack(0x0000002481500000,0x0000002481600000) (1024K)]
  0x000001d516d0fd00 JavaThread "Monitor Deflation Thread"   daemon [_thread_blocked, id=33536, stack(0x0000002481600000,0x0000002481700000) (1024K)]
  0x000001d516d0e390 JavaThread "C2 CompilerThread0"         daemon [_thread_blocked, id=27100, stack(0x0000002481700000,0x0000002481800000) (1024K)]
  0x000001d516d14840 JavaThread "C1 CompilerThread0"         daemon [_thread_blocked, id=10160, stack(0x0000002481800000,0x0000002481900000) (1024K)]
  0x000001d53765b2b0 JavaThread "Common-Cleaner"             daemon [_thread_blocked, id=25464, stack(0x0000002481900000,0x0000002481a00000) (1024K)]
  0x000001d5377fc280 JavaThread "Monitor Ctrl-Break"         daemon [_thread_in_native, id=20160, stack(0x0000002481a00000,0x0000002481b00000) (1024K)]
  0x000001d57d0ed8b0 JavaThread "C2 CompilerThread1"         daemon [_thread_blocked, id=33996, stack(0x0000002481b00000,0x0000002481c00000) (1024K)]
  0x000001d57d239d40 JavaThread "JFR Recorder Thread"        daemon [_thread_in_native, id=17716, stack(0x0000002481c00000,0x0000002481d00000) (1024K)]
  0x000001d57e705020 JavaThread "C2 CompilerThread2"         daemon [_thread_blocked, id=35588, stack(0x0000002481d00000,0x0000002481e00000) (1024K)]
  0x000001d57e6ebc30 JavaThread "JFR Periodic Tasks"         daemon [_thread_blocked, id=27544, stack(0x0000002481e00000,0x0000002481f00000) (1024K)]
  0x000001d57e663ea0 JavaThread "RMI TCP Accept-0"           daemon [_thread_in_native, id=748, stack(0x0000002481f00000,0x0000002482000000) (1024K)]
  0x000001d57d473150 JavaThread "RMI TCP Connection(1)-10.10.9.109" daemon [_thread_in_native, id=3804, stack(0x0000002482000000,0x0000002482100000) (1024K)]
  0x000001d57e82f690 JavaThread "RMI Scheduler(0)"           daemon [_thread_blocked, id=34960, stack(0x0000002482100000,0x0000002482200000) (1024K)]
  0x000001d57e82ed60 JavaThread "JMX server connection timeout 33" daemon [_thread_blocked, id=1312, stack(0x0000002482200000,0x0000002482300000) (1024K)]
Total: 19

Other Threads:
  0x000001d516cf90a0 VMThread "VM Thread"                           [id=35344, stack(0x0000002481000000,0x0000002481100000) (1024K)]
  0x000001d516cec900 WatcherThread "VM Periodic Task Thread"        [id=14796, stack(0x0000002480f00000,0x0000002481000000) (1024K)]
  0x000001d516bd7470 WorkerThread "GC Thread#0"                     [id=7004, stack(0x0000002480a00000,0x0000002480b00000) (1024K)]
  0x000001d516bf1f30 ConcurrentGCThread "G1 Main Marker"            [id=18568, stack(0x0000002480b00000,0x0000002480c00000) (1024K)]
  0x000001d516bf2a40 WorkerThread "G1 Conc#0"                       [id=10900, stack(0x0000002480c00000,0x0000002480d00000) (1024K)]
  0x000001d516cb6aa0 ConcurrentGCThread "G1 Refine#0"               [id=28632, stack(0x0000002480d00000,0x0000002480e00000) (1024K)]
  0x000001d516cb74c0 ConcurrentGCThread "G1 Service"                [id=35632, stack(0x0000002480e00000,0x0000002480f00000) (1024K)]
Total: 7

Threads with active compile tasks:
Total: 0

VM state: not at safepoint (normal execution)

VM Mutex/Monitor currently owned by a thread: None

Heap address: 0x0000000704e00000, size: 4018 MB, Compressed Oops mode: Zero based, Oop shift amount: 3

CDS archive(s) mapped at: [0x000001d538000000-0x000001d538d40000-0x000001d538d40000), size 13893632, SharedBaseAddress: 0x000001d538000000, ArchiveRelocationMode: 1.
Compressed class space mapped at: 0x000001d539000000-0x000001d579000000, reserved size: 1073741824
UseCompressedClassPointers 1, UseCompactObjectHeaders 0
Narrow klass pointer bits 32, Max shift 3
Narrow klass base: 0x000001d538000000, Narrow klass shift: 0
Encoding Range: [0x000001d538000000 - 0x000001d638000000), (4294967296 bytes)
Klass Range:    [0x000001d538000000 - 0x000001d579000000), (1090519040 bytes)
Klass ID Range:  [8 - 1090519033) (1090519025)

GC Precious Log:
 CardTable entry size: 512
 Card Set container configuration: InlinePtr #cards 4 size 8 Array Of Cards #cards 16 size 48 Howl #buckets 8 coarsen threshold 3686 Howl Bitmap #cards 512 size 80 coarsen threshold 460 Card regions per heap region 1 cards per card region 4096
 CPUs: 12 total, 12 available
 Memory: 16068M
 Large Page Support: Disabled
 NUMA Support: Disabled
 Compressed Oops: Enabled (Zero based)
 Heap Region Size: 2M
 Heap Min Capacity: 8M
 Heap Initial Capacity: 252M
 Heap Max Capacity: 4018M
 Pre-touch: Disabled
 Parallel Workers: 10
 Concurrent Workers: 3
 Concurrent Refinement Workers: 10
 Periodic GC: Disabled

Heap:
 garbage-first heap   total reserved 4114432K, committed 260096K, used 31856K [0x0000000704e00000, 0x0000000800000000)
  region size 2048K, 16 young (32768K), 0 survivors (0K)
 Metaspace       used 8237K, committed 8576K, reserved 1114112K
  class space    used 807K, committed 960K, reserved 1048576K

Heap Regions: E=young(eden), S=young(survivor), O=old, HS=humongous(starts), HC=humongous(continues), CS=collection set, F=free, TAMS=top-at-mark-start, PB=parsable bottom
|   0|0x0000000704e00000, 0x0000000704e00000, 0x0000000705000000|  0%| F|  |TAMS 0x0000000704e00000| PB 0x0000000704e00000| Untracked |  0
|   1|0x0000000705000000, 0x0000000705000000, 0x0000000705200000|  0%| F|  |TAMS 0x0000000705000000| PB 0x0000000705000000| Untracked |  0
|   2|0x0000000705200000, 0x0000000705200000, 0x0000000705400000|  0%| F|  |TAMS 0x0000000705200000| PB 0x0000000705200000| Untracked |  0
|   3|0x0000000705400000, 0x0000000705400000, 0x0000000705600000|  0%| F|  |TAMS 0x0000000705400000| PB 0x0000000705400000| Untracked |  0
|   4|0x0000000705600000, 0x0000000705600000, 0x0000000705800000|  0%| F|  |TAMS 0x0000000705600000| PB 0x0000000705600000| Untracked |  0
|   5|0x0000000705800000, 0x0000000705800000, 0x0000000705a00000|  0%| F|  |TAMS 0x0000000705800000| PB 0x0000000705800000| Untracked |  0
|   6|0x0000000705a00000, 0x0000000705a00000, 0x0000000705c00000|  0%| F|  |TAMS 0x0000000705a00000| PB 0x0000000705a00000| Untracked |  0
|   7|0x0000000705c00000, 0x0000000705c00000, 0x0000000705e00000|  0%| F|  |TAMS 0x0000000705c00000| PB 0x0000000705c00000| Untracked |  0
|   8|0x0000000705e00000, 0x0000000705e00000, 0x0000000706000000|  0%| F|  |TAMS 0x0000000705e00000| PB 0x0000000705e00000| Untracked |  0
|   9|0x0000000706000000, 0x0000000706000000, 0x0000000706200000|  0%| F|  |TAMS 0x0000000706000000| PB 0x0000000706000000| Untracked |  0
|  10|0x0000000706200000, 0x0000000706200000, 0x0000000706400000|  0%| F|  |TAMS 0x0000000706200000| PB 0x0000000706200000| Untracked |  0
|  11|0x0000000706400000, 0x0000000706400000, 0x0000000706600000|  0%| F|  |TAMS 0x0000000706400000| PB 0x0000000706400000| Untracked |  0
|  12|0x0000000706600000, 0x0000000706600000, 0x0000000706800000|  0%| F|  |TAMS 0x0000000706600000| PB 0x0000000706600000| Untracked |  0
|  13|0x0000000706800000, 0x0000000706800000, 0x0000000706a00000|  0%| F|  |TAMS 0x0000000706800000| PB 0x0000000706800000| Untracked |  0
|  14|0x0000000706a00000, 0x0000000706a00000, 0x0000000706c00000|  0%| F|  |TAMS 0x0000000706a00000| PB 0x0000000706a00000| Untracked |  0
|  15|0x0000000706c00000, 0x0000000706c00000, 0x0000000706e00000|  0%| F|  |TAMS 0x0000000706c00000| PB 0x0000000706c00000| Untracked |  0
|  16|0x0000000706e00000, 0x0000000706e00000, 0x0000000707000000|  0%| F|  |TAMS 0x0000000706e00000| PB 0x0000000706e00000| Untracked |  0
|  17|0x0000000707000000, 0x0000000707000000, 0x0000000707200000|  0%| F|  |TAMS 0x0000000707000000| PB 0x0000000707000000| Untracked |  0
|  18|0x0000000707200000, 0x0000000707200000, 0x0000000707400000|  0%| F|  |TAMS 0x0000000707200000| PB 0x0000000707200000| Untracked |  0
|  19|0x0000000707400000, 0x0000000707400000, 0x0000000707600000|  0%| F|  |TAMS 0x0000000707400000| PB 0x0000000707400000| Untracked |  0
|  20|0x0000000707600000, 0x0000000707600000, 0x0000000707800000|  0%| F|  |TAMS 0x0000000707600000| PB 0x0000000707600000| Untracked |  0
|  21|0x0000000707800000, 0x0000000707800000, 0x0000000707a00000|  0%| F|  |TAMS 0x0000000707800000| PB 0x0000000707800000| Untracked |  0
|  22|0x0000000707a00000, 0x0000000707a00000, 0x0000000707c00000|  0%| F|  |TAMS 0x0000000707a00000| PB 0x0000000707a00000| Untracked |  0
|  23|0x0000000707c00000, 0x0000000707c00000, 0x0000000707e00000|  0%| F|  |TAMS 0x0000000707c00000| PB 0x0000000707c00000| Untracked |  0
|  24|0x0000000707e00000, 0x0000000707e00000, 0x0000000708000000|  0%| F|  |TAMS 0x0000000707e00000| PB 0x0000000707e00000| Untracked |  0
|  25|0x0000000708000000, 0x0000000708000000, 0x0000000708200000|  0%| F|  |TAMS 0x0000000708000000| PB 0x0000000708000000| Untracked |  0
|  26|0x0000000708200000, 0x0000000708200000, 0x0000000708400000|  0%| F|  |TAMS 0x0000000708200000| PB 0x0000000708200000| Untracked |  0
|  27|0x0000000708400000, 0x0000000708400000, 0x0000000708600000|  0%| F|  |TAMS 0x0000000708400000| PB 0x0000000708400000| Untracked |  0
|  28|0x0000000708600000, 0x0000000708600000, 0x0000000708800000|  0%| F|  |TAMS 0x0000000708600000| PB 0x0000000708600000| Untracked |  0
|  29|0x0000000708800000, 0x0000000708800000, 0x0000000708a00000|  0%| F|  |TAMS 0x0000000708800000| PB 0x0000000708800000| Untracked |  0
|  30|0x0000000708a00000, 0x0000000708a00000, 0x0000000708c00000|  0%| F|  |TAMS 0x0000000708a00000| PB 0x0000000708a00000| Untracked |  0
|  31|0x0000000708c00000, 0x0000000708c00000, 0x0000000708e00000|  0%| F|  |TAMS 0x0000000708c00000| PB 0x0000000708c00000| Untracked |  0
|  32|0x0000000708e00000, 0x0000000708e00000, 0x0000000709000000|  0%| F|  |TAMS 0x0000000708e00000| PB 0x0000000708e00000| Untracked |  0
|  33|0x0000000709000000, 0x0000000709000000, 0x0000000709200000|  0%| F|  |TAMS 0x0000000709000000| PB 0x0000000709000000| Untracked |  0
|  34|0x0000000709200000, 0x0000000709200000, 0x0000000709400000|  0%| F|  |TAMS 0x0000000709200000| PB 0x0000000709200000| Untracked |  0
|  35|0x0000000709400000, 0x0000000709400000, 0x0000000709600000|  0%| F|  |TAMS 0x0000000709400000| PB 0x0000000709400000| Untracked |  0
|  36|0x0000000709600000, 0x0000000709600000, 0x0000000709800000|  0%| F|  |TAMS 0x0000000709600000| PB 0x0000000709600000| Untracked |  0
|  37|0x0000000709800000, 0x0000000709800000, 0x0000000709a00000|  0%| F|  |TAMS 0x0000000709800000| PB 0x0000000709800000| Untracked |  0
|  38|0x0000000709a00000, 0x0000000709a00000, 0x0000000709c00000|  0%| F|  |TAMS 0x0000000709a00000| PB 0x0000000709a00000| Untracked |  0
|  39|0x0000000709c00000, 0x0000000709c00000, 0x0000000709e00000|  0%| F|  |TAMS 0x0000000709c00000| PB 0x0000000709c00000| Untracked |  0
|  40|0x0000000709e00000, 0x0000000709e00000, 0x000000070a000000|  0%| F|  |TAMS 0x0000000709e00000| PB 0x0000000709e00000| Untracked |  0
|  41|0x000000070a000000, 0x000000070a000000, 0x000000070a200000|  0%| F|  |TAMS 0x000000070a000000| PB 0x000000070a000000| Untracked |  0
|  42|0x000000070a200000, 0x000000070a200000, 0x000000070a400000|  0%| F|  |TAMS 0x000000070a200000| PB 0x000000070a200000| Untracked |  0
|  43|0x000000070a400000, 0x000000070a400000, 0x000000070a600000|  0%| F|  |TAMS 0x000000070a400000| PB 0x000000070a400000| Untracked |  0
|  44|0x000000070a600000, 0x000000070a600000, 0x000000070a800000|  0%| F|  |TAMS 0x000000070a600000| PB 0x000000070a600000| Untracked |  0
|  45|0x000000070a800000, 0x000000070a800000, 0x000000070aa00000|  0%| F|  |TAMS 0x000000070a800000| PB 0x000000070a800000| Untracked |  0
|  46|0x000000070aa00000, 0x000000070aa00000, 0x000000070ac00000|  0%| F|  |TAMS 0x000000070aa00000| PB 0x000000070aa00000| Untracked |  0
|  47|0x000000070ac00000, 0x000000070ac00000, 0x000000070ae00000|  0%| F|  |TAMS 0x000000070ac00000| PB 0x000000070ac00000| Untracked |  0
|  48|0x000000070ae00000, 0x000000070ae00000, 0x000000070b000000|  0%| F|  |TAMS 0x000000070ae00000| PB 0x000000070ae00000| Untracked |  0
|  49|0x000000070b000000, 0x000000070b000000, 0x000000070b200000|  0%| F|  |TAMS 0x000000070b000000| PB 0x000000070b000000| Untracked |  0
|  50|0x000000070b200000, 0x000000070b200000, 0x000000070b400000|  0%| F|  |TAMS 0x000000070b200000| PB 0x000000070b200000| Untracked |  0
|  51|0x000000070b400000, 0x000000070b400000, 0x000000070b600000|  0%| F|  |TAMS 0x000000070b400000| PB 0x000000070b400000| Untracked |  0
|  52|0x000000070b600000, 0x000000070b600000, 0x000000070b800000|  0%| F|  |TAMS 0x000000070b600000| PB 0x000000070b600000| Untracked |  0
|  53|0x000000070b800000, 0x000000070b800000, 0x000000070ba00000|  0%| F|  |TAMS 0x000000070b800000| PB 0x000000070b800000| Untracked |  0
|  54|0x000000070ba00000, 0x000000070ba00000, 0x000000070bc00000|  0%| F|  |TAMS 0x000000070ba00000| PB 0x000000070ba00000| Untracked |  0
|  55|0x000000070bc00000, 0x000000070bc00000, 0x000000070be00000|  0%| F|  |TAMS 0x000000070bc00000| PB 0x000000070bc00000| Untracked |  0
|  56|0x000000070be00000, 0x000000070be00000, 0x000000070c000000|  0%| F|  |TAMS 0x000000070be00000| PB 0x000000070be00000| Untracked |  0
|  57|0x000000070c000000, 0x000000070c000000, 0x000000070c200000|  0%| F|  |TAMS 0x000000070c000000| PB 0x000000070c000000| Untracked |  0
|  58|0x000000070c200000, 0x000000070c200000, 0x000000070c400000|  0%| F|  |TAMS 0x000000070c200000| PB 0x000000070c200000| Untracked |  0
|  59|0x000000070c400000, 0x000000070c400000, 0x000000070c600000|  0%| F|  |TAMS 0x000000070c400000| PB 0x000000070c400000| Untracked |  0
|  60|0x000000070c600000, 0x000000070c600000, 0x000000070c800000|  0%| F|  |TAMS 0x000000070c600000| PB 0x000000070c600000| Untracked |  0
|  61|0x000000070c800000, 0x000000070c800000, 0x000000070ca00000|  0%| F|  |TAMS 0x000000070c800000| PB 0x000000070c800000| Untracked |  0
|  62|0x000000070ca00000, 0x000000070ca00000, 0x000000070cc00000|  0%| F|  |TAMS 0x000000070ca00000| PB 0x000000070ca00000| Untracked |  0
|  63|0x000000070cc00000, 0x000000070cc00000, 0x000000070ce00000|  0%| F|  |TAMS 0x000000070cc00000| PB 0x000000070cc00000| Untracked |  0
|  64|0x000000070ce00000, 0x000000070ce00000, 0x000000070d000000|  0%| F|  |TAMS 0x000000070ce00000| PB 0x000000070ce00000| Untracked |  0
|  65|0x000000070d000000, 0x000000070d000000, 0x000000070d200000|  0%| F|  |TAMS 0x000000070d000000| PB 0x000000070d000000| Untracked |  0
|  66|0x000000070d200000, 0x000000070d200000, 0x000000070d400000|  0%| F|  |TAMS 0x000000070d200000| PB 0x000000070d200000| Untracked |  0
|  67|0x000000070d400000, 0x000000070d400000, 0x000000070d600000|  0%| F|  |TAMS 0x000000070d400000| PB 0x000000070d400000| Untracked |  0
|  68|0x000000070d600000, 0x000000070d600000, 0x000000070d800000|  0%| F|  |TAMS 0x000000070d600000| PB 0x000000070d600000| Untracked |  0
|  69|0x000000070d800000, 0x000000070d800000, 0x000000070da00000|  0%| F|  |TAMS 0x000000070d800000| PB 0x000000070d800000| Untracked |  0
|  70|0x000000070da00000, 0x000000070da00000, 0x000000070dc00000|  0%| F|  |TAMS 0x000000070da00000| PB 0x000000070da00000| Untracked |  0
|  71|0x000000070dc00000, 0x000000070dc00000, 0x000000070de00000|  0%| F|  |TAMS 0x000000070dc00000| PB 0x000000070dc00000| Untracked |  0
|  72|0x000000070de00000, 0x000000070de00000, 0x000000070e000000|  0%| F|  |TAMS 0x000000070de00000| PB 0x000000070de00000| Untracked |  0
|  73|0x000000070e000000, 0x000000070e000000, 0x000000070e200000|  0%| F|  |TAMS 0x000000070e000000| PB 0x000000070e000000| Untracked |  0
|  74|0x000000070e200000, 0x000000070e200000, 0x000000070e400000|  0%| F|  |TAMS 0x000000070e200000| PB 0x000000070e200000| Untracked |  0
|  75|0x000000070e400000, 0x000000070e400000, 0x000000070e600000|  0%| F|  |TAMS 0x000000070e400000| PB 0x000000070e400000| Untracked |  0
|  76|0x000000070e600000, 0x000000070e600000, 0x000000070e800000|  0%| F|  |TAMS 0x000000070e600000| PB 0x000000070e600000| Untracked |  0
|  77|0x000000070e800000, 0x000000070e800000, 0x000000070ea00000|  0%| F|  |TAMS 0x000000070e800000| PB 0x000000070e800000| Untracked |  0
|  78|0x000000070ea00000, 0x000000070ea00000, 0x000000070ec00000|  0%| F|  |TAMS 0x000000070ea00000| PB 0x000000070ea00000| Untracked |  0
|  79|0x000000070ec00000, 0x000000070ec00000, 0x000000070ee00000|  0%| F|  |TAMS 0x000000070ec00000| PB 0x000000070ec00000| Untracked |  0
|  80|0x000000070ee00000, 0x000000070ee00000, 0x000000070f000000|  0%| F|  |TAMS 0x000000070ee00000| PB 0x000000070ee00000| Untracked |  0
|  81|0x000000070f000000, 0x000000070f000000, 0x000000070f200000|  0%| F|  |TAMS 0x000000070f000000| PB 0x000000070f000000| Untracked |  0
|  82|0x000000070f200000, 0x000000070f200000, 0x000000070f400000|  0%| F|  |TAMS 0x000000070f200000| PB 0x000000070f200000| Untracked |  0
|  83|0x000000070f400000, 0x000000070f400000, 0x000000070f600000|  0%| F|  |TAMS 0x000000070f400000| PB 0x000000070f400000| Untracked |  0
|  84|0x000000070f600000, 0x000000070f600000, 0x000000070f800000|  0%| F|  |TAMS 0x000000070f600000| PB 0x000000070f600000| Untracked |  0
|  85|0x000000070f800000, 0x000000070f800000, 0x000000070fa00000|  0%| F|  |TAMS 0x000000070f800000| PB 0x000000070f800000| Untracked |  0
|  86|0x000000070fa00000, 0x000000070fa00000, 0x000000070fc00000|  0%| F|  |TAMS 0x000000070fa00000| PB 0x000000070fa00000| Untracked |  0
|  87|0x000000070fc00000, 0x000000070fc00000, 0x000000070fe00000|  0%| F|  |TAMS 0x000000070fc00000| PB 0x000000070fc00000| Untracked |  0
|  88|0x000000070fe00000, 0x000000070fe00000, 0x0000000710000000|  0%| F|  |TAMS 0x000000070fe00000| PB 0x000000070fe00000| Untracked |  0
|  89|0x0000000710000000, 0x0000000710000000, 0x0000000710200000|  0%| F|  |TAMS 0x0000000710000000| PB 0x0000000710000000| Untracked |  0
|  90|0x0000000710200000, 0x0000000710200000, 0x0000000710400000|  0%| F|  |TAMS 0x0000000710200000| PB 0x0000000710200000| Untracked |  0
|  91|0x0000000710400000, 0x0000000710400000, 0x0000000710600000|  0%| F|  |TAMS 0x0000000710400000| PB 0x0000000710400000| Untracked |  0
|  92|0x0000000710600000, 0x0000000710600000, 0x0000000710800000|  0%| F|  |TAMS 0x0000000710600000| PB 0x0000000710600000| Untracked |  0
|  93|0x0000000710800000, 0x0000000710800000, 0x0000000710a00000|  0%| F|  |TAMS 0x0000000710800000| PB 0x0000000710800000| Untracked |  0
|  94|0x0000000710a00000, 0x0000000710a00000, 0x0000000710c00000|  0%| F|  |TAMS 0x0000000710a00000| PB 0x0000000710a00000| Untracked |  0
|  95|0x0000000710c00000, 0x0000000710c00000, 0x0000000710e00000|  0%| F|  |TAMS 0x0000000710c00000| PB 0x0000000710c00000| Untracked |  0
|  96|0x0000000710e00000, 0x0000000710e00000, 0x0000000711000000|  0%| F|  |TAMS 0x0000000710e00000| PB 0x0000000710e00000| Untracked |  0
|  97|0x0000000711000000, 0x0000000711000000, 0x0000000711200000|  0%| F|  |TAMS 0x0000000711000000| PB 0x0000000711000000| Untracked |  0
|  98|0x0000000711200000, 0x0000000711200000, 0x0000000711400000|  0%| F|  |TAMS 0x0000000711200000| PB 0x0000000711200000| Untracked |  0
|  99|0x0000000711400000, 0x0000000711400000, 0x0000000711600000|  0%| F|  |TAMS 0x0000000711400000| PB 0x0000000711400000| Untracked |  0
| 100|0x0000000711600000, 0x0000000711600000, 0x0000000711800000|  0%| F|  |TAMS 0x0000000711600000| PB 0x0000000711600000| Untracked |  0
| 101|0x0000000711800000, 0x0000000711800000, 0x0000000711a00000|  0%| F|  |TAMS 0x0000000711800000| PB 0x0000000711800000| Untracked |  0
| 102|0x0000000711a00000, 0x0000000711a00000, 0x0000000711c00000|  0%| F|  |TAMS 0x0000000711a00000| PB 0x0000000711a00000| Untracked |  0
| 103|0x0000000711c00000, 0x0000000711c00000, 0x0000000711e00000|  0%| F|  |TAMS 0x0000000711c00000| PB 0x0000000711c00000| Untracked |  0
| 104|0x0000000711e00000, 0x0000000711e00000, 0x0000000712000000|  0%| F|  |TAMS 0x0000000711e00000| PB 0x0000000711e00000| Untracked |  0
| 105|0x0000000712000000, 0x0000000712000000, 0x0000000712200000|  0%| F|  |TAMS 0x0000000712000000| PB 0x0000000712000000| Untracked |  0
| 106|0x0000000712200000, 0x0000000712200000, 0x0000000712400000|  0%| F|  |TAMS 0x0000000712200000| PB 0x0000000712200000| Untracked |  0
| 107|0x0000000712400000, 0x0000000712400000, 0x0000000712600000|  0%| F|  |TAMS 0x0000000712400000| PB 0x0000000712400000| Untracked |  0
| 108|0x0000000712600000, 0x0000000712600000, 0x0000000712800000|  0%| F|  |TAMS 0x0000000712600000| PB 0x0000000712600000| Untracked |  0
| 109|0x0000000712800000, 0x0000000712800000, 0x0000000712a00000|  0%| F|  |TAMS 0x0000000712800000| PB 0x0000000712800000| Untracked |  0
| 110|0x0000000712a00000, 0x0000000712bef878, 0x0000000712c00000| 96%| E|  |TAMS 0x0000000712a00000| PB 0x0000000712a00000| Complete |  0
| 111|0x0000000712c00000, 0x0000000712e00000, 0x0000000712e00000|100%| E|CS|TAMS 0x0000000712c00000| PB 0x0000000712c00000| Complete |  0
| 112|0x0000000712e00000, 0x0000000713000000, 0x0000000713000000|100%| E|CS|TAMS 0x0000000712e00000| PB 0x0000000712e00000| Complete |  0
| 113|0x0000000713000000, 0x0000000713200000, 0x0000000713200000|100%| E|CS|TAMS 0x0000000713000000| PB 0x0000000713000000| Complete |  0
| 114|0x0000000713200000, 0x0000000713400000, 0x0000000713400000|100%| E|CS|TAMS 0x0000000713200000| PB 0x0000000713200000| Complete |  0
| 115|0x0000000713400000, 0x0000000713600000, 0x0000000713600000|100%| E|CS|TAMS 0x0000000713400000| PB 0x0000000713400000| Complete |  0
| 116|0x0000000713600000, 0x0000000713800000, 0x0000000713800000|100%| E|CS|TAMS 0x0000000713600000| PB 0x0000000713600000| Complete |  0
| 117|0x0000000713800000, 0x0000000713a00000, 0x0000000713a00000|100%| E|CS|TAMS 0x0000000713800000| PB 0x0000000713800000| Complete |  0
| 118|0x0000000713a00000, 0x0000000713c00000, 0x0000000713c00000|100%| E|CS|TAMS 0x0000000713a00000| PB 0x0000000713a00000| Complete |  0
| 119|0x0000000713c00000, 0x0000000713e00000, 0x0000000713e00000|100%| E|CS|TAMS 0x0000000713c00000| PB 0x0000000713c00000| Complete |  0
| 120|0x0000000713e00000, 0x0000000714000000, 0x0000000714000000|100%| E|CS|TAMS 0x0000000713e00000| PB 0x0000000713e00000| Complete |  0
| 121|0x0000000714000000, 0x0000000714200000, 0x0000000714200000|100%| E|CS|TAMS 0x0000000714000000| PB 0x0000000714000000| Complete |  0
| 122|0x0000000714200000, 0x0000000714400000, 0x0000000714400000|100%| E|CS|TAMS 0x0000000714200000| PB 0x0000000714200000| Complete |  0
| 123|0x0000000714400000, 0x0000000714600000, 0x0000000714600000|100%| E|CS|TAMS 0x0000000714400000| PB 0x0000000714400000| Complete |  0
| 124|0x0000000714600000, 0x0000000714800000, 0x0000000714800000|100%| E|CS|TAMS 0x0000000714600000| PB 0x0000000714600000| Complete |  0
| 125|0x0000000714800000, 0x0000000714a00000, 0x0000000714a00000|100%| E|CS|TAMS 0x0000000714800000| PB 0x0000000714800000| Complete |  0
|2008|0x00000007ffe00000, 0x00000007fff1c348, 0x0000000800000000| 55%| O|  |TAMS 0x00000007ffe00000| PB 0x00000007ffe00000| Untracked |  0

Card table byte_map: [0x000001d530300000,0x000001d530ae0000] _byte_map_base: 0x000001d52cad9000

Marking Bits: (CMBitMap*) 0x000001d516bd7b80
 Bits: [0x000001d530ae0000, 0x000001d5349a8000)

Polling page: 0x000001d514dc0000

Metaspace:

Usage:
  Non-class:      7.26 MB used.
      Class:    807.89 KB used.
       Both:      8.04 MB used.

Virtual space:
  Non-class space:       64.00 MB reserved,       7.44 MB ( 12%) committed,  1 nodes.
      Class space:        1.00 GB reserved,     960.00 KB ( <1%) committed,  1 nodes.
             Both:        1.06 GB reserved,       8.38 MB ( <1%) committed. 

Chunk freelists:
   Non-Class:  8.40 MB
       Class:  15.04 MB
        Both:  23.44 MB

MaxMetaspaceSize: unlimited
CompressedClassSpaceSize: 1.00 GB
Initial GC threshold: 21.00 MB
Current GC threshold: 21.00 MB
CDS: on
 - commit_granule_bytes: 65536.
 - commit_granule_words: 8192.
 - virtual_space_node_default_size: 8388608.
 - enlarge_chunks_in_place: 1.
UseCompressedClassPointers 1, UseCompactObjectHeaders 0
Narrow klass pointer bits 32, Max shift 3
Narrow klass base: 0x000001d538000000, Narrow klass shift: 0
Encoding Range: [0x000001d538000000 - 0x000001d638000000), (4294967296 bytes)
Klass Range:    [0x000001d538000000 - 0x000001d579000000), (1090519040 bytes)
Klass ID Range:  [8 - 1090519033) (1090519025)


Internal statistics:

num_allocs_failed_limit: 0.
num_arena_births: 256.
num_arena_deaths: 0.
num_vsnodes_births: 2.
num_vsnodes_deaths: 0.
num_space_committed: 134.
num_space_uncommitted: 0.
num_chunks_returned_to_freelist: 0.
num_chunks_taken_from_freelist: 352.
num_chunk_merges: 0.
num_chunk_splits: 195.
num_chunks_enlarged: 52.
num_inconsistent_stats: 0.

CodeHeap 'non-profiled nmethods': size=120064Kb used=696Kb max_used=696Kb free=119367Kb
 bounds [0x000001d527b40000, 0x000001d527db0000, 0x000001d52f080000]
CodeHeap 'profiled nmethods': size=120000Kb used=2395Kb max_used=2395Kb free=117604Kb
 bounds [0x000001d520080000, 0x000001d5202f0000, 0x000001d5275b0000]
CodeHeap 'non-nmethods': size=5696Kb used=1330Kb max_used=1413Kb free=4365Kb
 bounds [0x000001d5275b0000, 0x000001d527820000, 0x000001d527b40000]
CodeCache: size=245760Kb, used=4421Kb, max_used=4504Kb, free=241336Kb
 total_blobs=2322, nmethods=1827, adapters=400, full_count=0
Compilation: enabled, stopped_count=0, restarted_count=0

Compilation events (20 events):
Event: 2.210 Thread 0x000001d516d14840 1721       1       jdk.internal.event.ExceptionThrownEvent::enabled (2 bytes)
Event: 2.210 Thread 0x000001d516d14840 nmethod 1721 0x000001d527bde208 code [0x000001d527bde300, 0x000001d527bde3a8]
Event: 2.214 Thread 0x000001d516d14840 1722       3       java.lang.invoke.VarHandleByteArrayAsLongs$ArrayHandle::index (13 bytes)
Event: 2.215 Thread 0x000001d516d14840 nmethod 1722 0x000001d5202ab408 code [0x000001d5202ab520, 0x000001d5202ab660]
Event: 2.215 Thread 0x000001d516d14840 1723       3       jdk.internal.misc.Unsafe::convEndian (16 bytes)
Event: 2.215 Thread 0x000001d516d14840 nmethod 1723 0x000001d5202ab708 code [0x000001d5202ab820, 0x000001d5202ab980]
Event: 2.215 Thread 0x000001d516d14840 1724       3       java.lang.Long::reverseBytes (46 bytes)
Event: 2.215 Thread 0x000001d516d14840 nmethod 1724 0x000001d5202aba08 code [0x000001d5202abb20, 0x000001d5202abc70]
Event: 2.222 Thread 0x000001d57d0ed8b0 1725       4       jdk.internal.util.ReferencedKeyMap::removeStaleReferences (30 bytes)
Event: 2.224 Thread 0x000001d57d0ed8b0 nmethod 1725 0x000001d527bde808 code [0x000001d527bde900, 0x000001d527bde9b8]
Event: 2.224 Thread 0x000001d516d14840 1727       3       java.lang.invoke.MethodType::insertParameterTypes (121 bytes)
Event: 2.225 Thread 0x000001d516d14840 nmethod 1727 0x000001d5202abd08 code [0x000001d5202abf80, 0x000001d5202ad1c8]
Event: 2.225 Thread 0x000001d516d14840 1728   !   3       java.lang.invoke.MemberName::getFieldType (178 bytes)
Event: 2.227 Thread 0x000001d516d14840 nmethod 1728 0x000001d5202ad288 code [0x000001d5202ad4e0, 0x000001d5202aeb00]
Event: 2.229 Thread 0x000001d516d14840 1729       1       java.util.logging.Level::intValue (5 bytes)
Event: 2.229 Thread 0x000001d516d14840 nmethod 1729 0x000001d527bdeb08 code [0x000001d527bdec00, 0x000001d527bdecc8]
Event: 2.229 Thread 0x000001d516d14840 1730       3       java.lang.invoke.LambdaForm$MH/0x000001d539006800::invoke (25 bytes)
Event: 2.230 Thread 0x000001d516d14840 nmethod 1730 0x000001d5202aeb88 code [0x000001d5202aecc0, 0x000001d5202af250]
Event: 2.232 Thread 0x000001d516d14840 1735       3       sun.security.provider.ByteArrayAccess::b2iBig64 (231 bytes)
Event: 2.233 Thread 0x000001d57e705020 1738       4       jdk.internal.classfile.impl.BufWriterImpl::writeUtfEntry (144 bytes)

GC Heap History (0 events):
No events

Dll operation events (12 events):
Event: 1.268 Loaded shared library C:\Users\eduardomacal-ieg\.jdks\openjdk-24\bin\java.dll
Event: 1.315 Loaded shared library C:\Users\eduardomacal-ieg\.jdks\openjdk-24\bin\jsvml.dll
Event: 1.372 Loaded shared library C:\Users\eduardomacal-ieg\.jdks\openjdk-24\bin\zip.dll
Event: 1.376 Loaded shared library C:\Users\eduardomacal-ieg\.jdks\openjdk-24\bin\instrument.dll
Event: 1.382 Loaded shared library C:\Users\eduardomacal-ieg\.jdks\openjdk-24\bin\net.dll
Event: 1.384 Loaded shared library C:\Users\eduardomacal-ieg\.jdks\openjdk-24\bin\nio.dll
Event: 1.390 Loaded shared library C:\Users\eduardomacal-ieg\.jdks\openjdk-24\bin\zip.dll
Event: 1.404 Loaded shared library C:\Program Files\JetBrains\IntelliJ IDEA 2022.3.2\bin\breakgen64.dll
Event: 1.425 Loaded shared library C:\Users\eduardomacal-ieg\.jdks\openjdk-24\bin\extnet.dll
Event: 1.450 Loaded shared library C:\Users\eduardomacal-ieg\.jdks\openjdk-24\bin\jimage.dll
Event: 1.612 Loaded shared library C:\Users\eduardomacal-ieg\.jdks\openjdk-24\bin\management.dll
Event: 1.644 Loaded shared library C:\Users\eduardomacal-ieg\.jdks\openjdk-24\bin\management_ext.dll

Deoptimization events (20 events):
Event: 2.079 Thread 0x000001d516d0c520 DEOPT PACKING pc=0x000001d527b922a4 sp=0x00000024814fe050
Event: 2.079 Thread 0x000001d516d0c520 DEOPT UNPACKING pc=0x000001d5276c8602 sp=0x00000024814fdfa8 mode 2
Event: 2.106 Thread 0x000001d516d0c520 DEOPT PACKING pc=0x000001d520100e19 sp=0x00000024814ff340
Event: 2.106 Thread 0x000001d516d0c520 DEOPT UNPACKING pc=0x000001d527605722 sp=0x00000024814fe7e0 mode 0
Event: 2.197 Thread 0x000001d57d473150 Uncommon trap: trap_request=0xffffffc6 fr.pc=0x000001d527b62178 relative=0x0000000000001a58
Event: 2.197 Thread 0x000001d57d473150 Uncommon trap: reason=bimorphic_or_optimized_type_check action=maybe_recompile pc=0x000001d527b62178 method=java.io.DataInputStream.readFully([BII)V @ 30 c2
Event: 2.197 Thread 0x000001d57d473150 DEOPT PACKING pc=0x000001d527b62178 sp=0x00000024820feae0
Event: 2.197 Thread 0x000001d57d473150 DEOPT UNPACKING pc=0x000001d5276c8602 sp=0x00000024820feb08 mode 2
Event: 2.207 Thread 0x000001d57d473150 Uncommon trap: trap_request=0xffffffc6 fr.pc=0x000001d527b62178 relative=0x0000000000001a58
Event: 2.207 Thread 0x000001d57d473150 Uncommon trap: reason=bimorphic_or_optimized_type_check action=maybe_recompile pc=0x000001d527b62178 method=java.io.DataInputStream.readFully([BII)V @ 30 c2
Event: 2.207 Thread 0x000001d57d473150 DEOPT PACKING pc=0x000001d527b62178 sp=0x00000024820fe920
Event: 2.207 Thread 0x000001d57d473150 DEOPT UNPACKING pc=0x000001d5276c8602 sp=0x00000024820fe948 mode 2
Event: 2.210 Thread 0x000001d57d473150 Uncommon trap: trap_request=0xffffff4d fr.pc=0x000001d527bcced4 relative=0x0000000000000134
Event: 2.210 Thread 0x000001d57d473150 Uncommon trap: reason=unstable_if action=reinterpret pc=0x000001d527bcced4 method=java.lang.StringLatin1.lastIndexOf([BII)I @ 19 c2
Event: 2.210 Thread 0x000001d57d473150 DEOPT PACKING pc=0x000001d527bcced4 sp=0x00000024820fe0c0
Event: 2.210 Thread 0x000001d57d473150 DEOPT UNPACKING pc=0x000001d5276c8602 sp=0x00000024820fe040 mode 2
Event: 2.222 Thread 0x000001d57d473150 Uncommon trap: trap_request=0xffffffc6 fr.pc=0x000001d527b62178 relative=0x0000000000001a58
Event: 2.222 Thread 0x000001d57d473150 Uncommon trap: reason=bimorphic_or_optimized_type_check action=maybe_recompile pc=0x000001d527b62178 method=java.io.DataInputStream.readFully([BII)V @ 30 c2
Event: 2.222 Thread 0x000001d57d473150 DEOPT PACKING pc=0x000001d527b62178 sp=0x00000024820feae0
Event: 2.222 Thread 0x000001d57d473150 DEOPT UNPACKING pc=0x000001d5276c8602 sp=0x00000024820feb08 mode 2

Classes loaded (20 events):
Event: 2.228 Loading class javax/management/remote/rmi/RMIConnectionImpl$RMIServerCommunicatorAdmin
Event: 2.228 Loading class com/sun/jmx/remote/internal/ServerCommunicatorAdmin
Event: 2.229 Loading class com/sun/jmx/remote/internal/ServerCommunicatorAdmin done
Event: 2.229 Loading class javax/management/remote/rmi/RMIConnectionImpl$RMIServerCommunicatorAdmin done
Event: 2.229 Loading class com/sun/jmx/remote/internal/ServerCommunicatorAdmin$Timeout
Event: 2.230 Loading class com/sun/jmx/remote/internal/ServerCommunicatorAdmin$Timeout done
Event: 2.232 Loading class javax/management/remote/rmi/RMIConnectionImpl_Stub
Event: 2.233 Loading class javax/management/remote/rmi/RMIConnectionImpl_Stub done
Event: 2.233 Loading class java/rmi/MarshalledObject
Event: 2.233 Loading class java/rmi/MarshalledObject done
Event: 2.233 Loading class javax/security/auth/Subject
Event: 2.233 Loading class javax/security/auth/Subject done
Event: 2.233 Loading class javax/management/InstanceNotFoundException
Event: 2.233 Loading class javax/management/InstanceNotFoundException done
Event: 2.233 Loading class javax/management/MBeanException
Event: 2.233 Loading class javax/management/MBeanException done
Event: 2.233 Loading class javax/management/ReflectionException
Event: 2.233 Loading class javax/management/ReflectionException done
Event: 2.233 Loading class javax/management/AttributeList
Event: 2.234 Loading class javax/management/AttributeList done

Classes unloaded (0 events):
No events

Classes redefined (15 events):
Event: 2.128 Thread 0x000001d516cf90a0 redefined class name=jdk.internal.event.VirtualThreadSubmitFailedEvent, count=1
Event: 2.129 Thread 0x000001d516cf90a0 redefined class name=jdk.internal.event.ThreadSleepEvent, count=1
Event: 2.129 Thread 0x000001d516cf90a0 redefined class name=jdk.internal.event.SocketWriteEvent, count=1
Event: 2.129 Thread 0x000001d516cf90a0 redefined class name=jdk.internal.event.SerializationMisdeclarationEvent, count=1
Event: 2.129 Thread 0x000001d516cf90a0 redefined class name=jdk.internal.event.ProcessStartEvent, count=1
Event: 2.129 Thread 0x000001d516cf90a0 redefined class name=jdk.internal.event.FileWriteEvent, count=1
Event: 2.129 Thread 0x000001d516cf90a0 redefined class name=jdk.internal.event.FileReadEvent, count=1
Event: 2.129 Thread 0x000001d516cf90a0 redefined class name=jdk.internal.event.FileForceEvent, count=1
Event: 2.129 Thread 0x000001d516cf90a0 redefined class name=jdk.internal.event.ExceptionStatisticsEvent, count=1
Event: 2.129 Thread 0x000001d516cf90a0 redefined class name=jdk.internal.event.ErrorThrownEvent, count=1
Event: 2.129 Thread 0x000001d516cf90a0 redefined class name=jdk.internal.event.SocketReadEvent, count=1
Event: 2.129 Thread 0x000001d516cf90a0 redefined class name=jdk.jfr.events.InitialSecurityPropertyEvent, count=1
Event: 2.129 Thread 0x000001d516cf90a0 redefined class name=jdk.jfr.events.DirectBufferStatisticsEvent, count=1
Event: 2.129 Thread 0x000001d516cf90a0 redefined class name=jdk.jfr.events.ActiveRecordingEvent, count=1
Event: 2.129 Thread 0x000001d516cf90a0 redefined class name=jdk.jfr.events.ActiveSettingEvent, count=1

Internal exceptions (20 events):
Event: 1.990 Thread 0x000001d516b6e9e0 Exception <a 'java/lang/NoSuchMethodError'{0x00000007130706e8}: 'int java.lang.invoke.DirectMethodHandle$Holder.invokeStaticInit(java.lang.Object, float, float)'> (0x00000007130706e8) 
thrown [s\open\src\hotspot\share\interpreter\linkResolver.cpp, line 805]
Event: 1.992 Thread 0x000001d516b6e9e0 Exception <a 'java/lang/NoSuchMethodError'{0x0000000713083728}: 'int java.lang.invoke.DirectMethodHandle$Holder.invokeStaticInit(java.lang.Object, double, double)'> (0x0000000713083728) 
thrown [s\open\src\hotspot\share\interpreter\linkResolver.cpp, line 805]
Event: 1.993 Thread 0x000001d516b6e9e0 Exception <a 'java/lang/NoSuchMethodError'{0x000000071308c3e8}: 'int java.lang.invoke.DirectMethodHandle$Holder.invokeStatic(java.lang.Object, long)'> (0x000000071308c3e8) 
thrown [s\open\src\hotspot\share\interpreter\linkResolver.cpp, line 805]
Event: 1.996 Thread 0x000001d516b6e9e0 Exception <a 'java/lang/NoSuchMethodError'{0x00000007130a5020}: 'java.lang.Object java.lang.invoke.DirectMethodHandle$Holder.invokeStatic(java.lang.Object, long)'> (0x00000007130a5020) 
thrown [s\open\src\hotspot\share\interpreter\linkResolver.cpp, line 805]
Event: 1.996 Thread 0x000001d516b6e9e0 Exception <a 'java/lang/NoSuchMethodError'{0x00000007130ad5f8}: 'java.lang.Object java.lang.invoke.DirectMethodHandle$Holder.invokeStatic(java.lang.Object, float)'> (0x00000007130ad5f8) 
thrown [s\open\src\hotspot\share\interpreter\linkResolver.cpp, line 805]
Event: 2.002 Thread 0x000001d516b6e9e0 Exception <a 'java/lang/NoSuchMethodError'{0x00000007130e5e38}: 'int java.lang.invoke.Invokers$Holder.linkToTargetMethod(java.lang.Object, java.lang.Object)'> (0x00000007130e5e38) 
thrown [s\open\src\hotspot\share\interpreter\linkResolver.cpp, line 805]
Event: 2.007 Thread 0x000001d516d0c520 Exception <a 'java/lang/NoSuchMethodError'{0x000000071335bf58}: 'java.lang.Object java.lang.invoke.DirectMethodHandle$Holder.invokeStaticInit(java.lang.Object, int, int, int, int)'> (0x000000071335bf58) 
thrown [s\open\src\hotspot\share\interpreter\linkResolver.cpp, line 805]
Event: 2.013 Thread 0x000001d516b6e9e0 Exception <a 'java/lang/NoSuchMethodError'{0x0000000713137838}: 'int java.lang.invoke.DirectMethodHandle$Holder.invokeSpecial(java.lang.Object, java.lang.Object, java.lang.Object, java.lang.Object)'> (0x0000000713137838) 
thrown [s\open\src\hotspot\share\interpreter\linkResolver.cpp, line 805]
Event: 2.019 Thread 0x000001d516b6e9e0 Exception <a 'java/lang/NoSuchMethodError'{0x00000007131747d8}: 'java.lang.Object java.lang.invoke.DirectMethodHandle$Holder.invokeSpecial(java.lang.Object, java.lang.Object, int, java.lang.Object, java.lang.Object)'> (0x00000007131747d8) 
thrown [s\open\src\hotspot\share\interpreter\linkResolver.cpp, line 805]
Event: 2.020 Thread 0x000001d516b6e9e0 Exception <a 'java/lang/NoSuchMethodError'{0x000000071317c910}: 'java.lang.Object java.lang.invoke.DelegatingMethodHandle$Holder.delegate(java.lang.Object, int, java.lang.Object, java.lang.Object)'> (0x000000071317c910) 
thrown [s\open\src\hotspot\share\interpreter\linkResolver.cpp, line 805]
Event: 2.025 Thread 0x000001d516b6e9e0 Exception <a 'java/lang/NoSuchMethodError'{0x00000007131a6b40}: 'java.lang.Object java.lang.invoke.DirectMethodHandle$Holder.invokeStatic(java.lang.Object, java.lang.Object, java.lang.Object, java.lang.Object, java.lang.Object, java.lang.Object, java.lang.Object, java.lang.Object)'> (0x00000007131a6b40) 
thrown [s\open\src\hotspot\share\interpreter\linkResolver.cpp, line 805]
Event: 2.028 Thread 0x000001d516b6e9e0 Exception <a 'java/lang/NoSuchMethodError'{0x00000007131b9ef8}: 'int java.lang.invoke.Invokers$Holder.linkToTargetMethod(java.lang.Object, java.lang.Object, java.lang.Object)'> (0x00000007131b9ef8) 
thrown [s\open\src\hotspot\share\interpreter\linkResolver.cpp, line 805]
Event: 2.031 Thread 0x000001d516b6e9e0 Exception <a 'java/lang/NoSuchMethodError'{0x00000007131ca860}: 'void java.lang.invoke.DirectMethodHandle$Holder.invokeSpecial(java.lang.Object, java.lang.Object, java.lang.Object, java.lang.Object, java.lang.Object)'> (0x00000007131ca860) 
thrown [s\open\src\hotspot\share\interpreter\linkResolver.cpp, line 805]
Event: 2.047 Thread 0x000001d516d0c520 Exception <a 'java/lang/NoSuchMethodError'{0x0000000712e520d0}: 'java.lang.Object java.lang.invoke.DirectMethodHandle$Holder.invokeStaticInit(java.lang.Object, java.lang.Object, int, int, int, int)'> (0x0000000712e520d0) 
thrown [s\open\src\hotspot\share\interpreter\linkResolver.cpp, line 805]
Event: 2.048 Thread 0x000001d516b6e9e0 Exception <a 'java/lang/NoSuchMethodError'{0x00000007131fede0}: 'java.lang.Object java.lang.invoke.DirectMethodHandle$Holder.invokeInterface(java.lang.Object, java.lang.Object)'> (0x00000007131fede0) 
thrown [s\open\src\hotspot\share\interpreter\linkResolver.cpp, line 805]
Event: 2.071 Thread 0x000001d516d0c520 Exception <a 'java/lang/ClassNotFoundException'{0x0000000712e689f8}: javax/management/remote/rmi/RMIServerImpl_Skel> (0x0000000712e689f8) 
thrown [s\open\src\hotspot\share\classfile\systemDictionary.cpp, line 327]
Event: 2.094 Thread 0x000001d516d0c520 Exception <a 'java/lang/NoSuchMethodError'{0x0000000712e7a310}: 'long java.lang.invoke.Invokers$Holder.invokeExact_MT(java.lang.Object, java.lang.Object)'> (0x0000000712e7a310) 
thrown [s\open\src\hotspot\share\interpreter\linkResolver.cpp, line 805]
Event: 2.216 Thread 0x000001d57d473150 Exception <a 'java/lang/NoSuchMethodError'{0x0000000712d45728}: static [B.<clinit>()V> (0x0000000712d45728) 
thrown [s\open\src\hotspot\share\prims\jni.cpp, line 1108]
Event: 2.223 Thread 0x000001d57d473150 Exception <a 'java/lang/NoSuchMethodError'{0x0000000712d470b0}: 'java.lang.Object java.lang.invoke.DirectMethodHandle$Holder.invokeInterface(java.lang.Object, java.lang.Object, java.lang.Object)'> (0x0000000712d470b0) 
thrown [s\open\src\hotspot\share\interpreter\linkResolver.cpp, line 805]
Event: 2.234 Thread 0x000001d57e82ed60 Exception <a 'java/lang/NoSuchMethodError'{0x0000000712a09ee8}: 'java.lang.Object java.lang.invoke.DirectMethodHandle$Holder.invokeSpecial(java.lang.Object, java.lang.Object, java.lang.Object, java.lang.Object, long)'> (0x0000000712a09ee8) 
thrown [s\open\src\hotspot\share\interpreter\linkResolver.cpp, line 805]

VM Operations (20 events):
Event: 1.464 Executing VM operation: HandshakeAllThreads (Deoptimize) done
Event: 1.880 Executing VM operation: HandshakeAllThreads (Deoptimize)
Event: 1.880 Executing VM operation: HandshakeAllThreads (Deoptimize) done
Event: 1.892 Executing VM operation: HandshakeAllThreads (Deoptimize)
Event: 1.892 Executing VM operation: HandshakeAllThreads (Deoptimize) done
Event: 1.952 Executing VM operation: JFRSafepointClear
Event: 1.952 Executing VM operation: JFRSafepointClear done
Event: 1.961 Executing VM operation: JFROldObject
Event: 1.962 Executing VM operation: JFROldObject done
Event: 1.968 Executing VM operation: HandshakeAllThreads (Deoptimize)
Event: 1.968 Executing VM operation: HandshakeAllThreads (Deoptimize) done
Event: 2.034 Executing VM operation: HandshakeAllThreads (Deoptimize)
Event: 2.034 Executing VM operation: HandshakeAllThreads (Deoptimize) done
Event: 2.041 Executing VM operation: HandshakeAllThreads (Deoptimize)
Event: 2.041 Executing VM operation: HandshakeAllThreads (Deoptimize) done
Event: 2.125 Executing VM operation: RedefineClasses
Event: 2.134 Executing VM operation: RedefineClasses done
Event: 2.142 Executing VM operation: ClassLoaderStatsOperation
Event: 2.142 Executing VM operation: ClassLoaderStatsOperation done
Event: 2.234 Executing VM operation: HandshakeAllThreads (Deoptimize)

Memory protections (0 events):
No events

Nmethod flushes (0 events):
No events

Events (19 events):
Event: 1.292 Thread 0x000001d516b6e9e0 Thread added: 0x000001d516b6e9e0
Event: 1.310 Thread 0x000001d516b6e9e0 Thread added: 0x000001d516d06560
Event: 1.310 Thread 0x000001d516b6e9e0 Thread added: 0x000001d516d08eb0
Event: 1.311 Thread 0x000001d516b6e9e0 Thread added: 0x000001d516d0b9f0
Event: 1.311 Thread 0x000001d516b6e9e0 Thread added: 0x000001d516d0c520
Event: 1.311 Thread 0x000001d516b6e9e0 Thread added: 0x000001d516d0f1d0
Event: 1.311 Thread 0x000001d516b6e9e0 Thread added: 0x000001d516d0fd00
Event: 1.311 Thread 0x000001d516b6e9e0 Thread added: 0x000001d516d0e390
Event: 1.311 Thread 0x000001d516b6e9e0 Thread added: 0x000001d516d14840
Event: 1.337 Thread 0x000001d516b6e9e0 Thread added: 0x000001d53765b2b0
Event: 1.405 Thread 0x000001d516b6e9e0 Thread added: 0x000001d5377fc280
Event: 1.477 Thread 0x000001d516d0e390 Thread added: 0x000001d57d0ed8b0
Event: 1.565 Thread 0x000001d516b6e9e0 Thread added: 0x000001d57d239d40
Event: 1.711 Thread 0x000001d516d14840 Thread added: 0x000001d57e705020
Event: 1.878 Thread 0x000001d516b6e9e0 Thread added: 0x000001d57e6ebc30
Event: 2.086 Thread 0x000001d516d0c520 Thread added: 0x000001d57e663ea0
Event: 2.171 Thread 0x000001d57e663ea0 Thread added: 0x000001d57d473150
Event: 2.213 Thread 0x000001d57d473150 Thread added: 0x000001d57e82f690
Event: 2.232 Thread 0x000001d57d473150 Thread added: 0x000001d57e82ed60


Dynamic libraries:
0x00007ff7da970000 - 0x00007ff7da97e000 	C:\Users\eduardomacal-ieg\.jdks\openjdk-24\bin\java.exe
0x00007ff978b40000 - 0x00007ff978da0000 	C:\Windows\SYSTEM32\ntdll.dll
0x00007ff977e10000 - 0x00007ff977ed7000 	C:\Windows\System32\KERNEL32.DLL
0x00007ff975f40000 - 0x00007ff97630a000 	C:\Windows\System32\KERNELBASE.dll
0x00007ff975d20000 - 0x00007ff975e6b000 	C:\Windows\System32\ucrtbase.dll
0x00007ff9581b0000 - 0x00007ff9581c6000 	C:\Users\eduardomacal-ieg\.jdks\openjdk-24\bin\jli.dll
0x00007ff957f20000 - 0x00007ff957f3b000 	C:\Users\eduardomacal-ieg\.jdks\openjdk-24\bin\VCRUNTIME140.dll
0x00007ff978420000 - 0x00007ff9785ec000 	C:\Windows\System32\USER32.dll
0x00007ff975f10000 - 0x00007ff975f37000 	C:\Windows\System32\win32u.dll
0x00007ff958d50000 - 0x00007ff958fe7000 	C:\Windows\WinSxS\amd64_microsoft.windows.common-controls_6595b64144ccf1df_6.0.26100.3624_none_3e086962e3345f24\COMCTL32.dll
0x00007ff976cb0000 - 0x00007ff976cda000 	C:\Windows\System32\GDI32.dll
0x00007ff9763c0000 - 0x00007ff9764f1000 	C:\Windows\System32\gdi32full.dll
0x00007ff976fa0000 - 0x00007ff977049000 	C:\Windows\System32\msvcrt.dll
0x00007ff976310000 - 0x00007ff9763b3000 	C:\Windows\System32\msvcp_win.dll
0x00007ff978050000 - 0x00007ff97807f000 	C:\Windows\System32\IMM32.DLL
0x00007ff95c460000 - 0x00007ff95c46c000 	C:\Users\eduardomacal-ieg\.jdks\openjdk-24\bin\vcruntime140_1.dll
0x00007ff94e490000 - 0x00007ff94e51e000 	C:\Users\eduardomacal-ieg\.jdks\openjdk-24\bin\msvcp140.dll
0x00007ff8ac3b0000 - 0x00007ff8ad152000 	C:\Users\eduardomacal-ieg\.jdks\openjdk-24\bin\server\jvm.dll
0x00007ff977f90000 - 0x00007ff978042000 	C:\Windows\System32\ADVAPI32.dll
0x00007ff978a50000 - 0x00007ff978af6000 	C:\Windows\System32\sechost.dll
0x00007ff976ce0000 - 0x00007ff976df6000 	C:\Windows\System32\RPCRT4.dll
0x00007ff977f10000 - 0x00007ff977f84000 	C:\Windows\System32\WS2_32.dll
0x00007ff975b70000 - 0x00007ff975bce000 	C:\Windows\SYSTEM32\POWRPROF.dll
0x00007ff96be50000 - 0x00007ff96be86000 	C:\Windows\SYSTEM32\WINMM.dll
0x00007ff95e730000 - 0x00007ff95e73b000 	C:\Windows\SYSTEM32\VERSION.dll
0x00007ff975b50000 - 0x00007ff975b64000 	C:\Windows\SYSTEM32\UMPDC.dll
0x00007ff974af0000 - 0x00007ff974b0a000 	C:\Windows\SYSTEM32\kernel.appcore.dll
0x00007ff959020000 - 0x00007ff95902a000 	C:\Users\eduardomacal-ieg\.jdks\openjdk-24\bin\jimage.dll
0x00007ff973290000 - 0x00007ff9734d1000 	C:\Windows\SYSTEM32\DBGHELP.DLL
0x00007ff978090000 - 0x00007ff978412000 	C:\Windows\System32\combase.dll
0x00007ff9785f0000 - 0x00007ff9786c6000 	C:\Windows\System32\OLEAUT32.dll
0x00007ff94edc0000 - 0x00007ff94edf9000 	C:\Windows\SYSTEM32\dbgcore.DLL
0x00007ff975e70000 - 0x00007ff975f09000 	C:\Windows\System32\bcryptPrimitives.dll
0x00007ff958a60000 - 0x00007ff958a6f000 	C:\Users\eduardomacal-ieg\.jdks\openjdk-24\bin\instrument.dll
0x00007ff957790000 - 0x00007ff9577ae000 	C:\Users\eduardomacal-ieg\.jdks\openjdk-24\bin\java.dll
0x00007ff976e00000 - 0x00007ff976f96000 	C:\Windows\System32\ole32.dll
0x00007ff977050000 - 0x00007ff977779000 	C:\Windows\System32\SHELL32.dll
0x00007ff976710000 - 0x00007ff976878000 	C:\Windows\System32\wintypes.dll
0x00007ff900990000 - 0x00007ff900bd2000 	C:\Users\eduardomacal-ieg\AppData\Local\Temp\libasyncProfiler.dll
0x00007ff973770000 - 0x00007ff973fc2000 	C:\Windows\SYSTEM32\windows.storage.dll
0x00007ff977c90000 - 0x00007ff977d7d000 	C:\Windows\System32\SHCORE.dll
0x00007ff9789d0000 - 0x00007ff978a34000 	C:\Windows\System32\shlwapi.dll
0x00007ff975c30000 - 0x00007ff975c5f000 	C:\Windows\SYSTEM32\profapi.dll
0x00007ff939840000 - 0x00007ff939917000 	C:\Users\eduardomacal-ieg\.jdks\openjdk-24\bin\jsvml.dll
0x00007ff955240000 - 0x00007ff955257000 	C:\Users\eduardomacal-ieg\.jdks\openjdk-24\bin\zip.dll
0x00007ff958100000 - 0x00007ff958110000 	C:\Users\eduardomacal-ieg\.jdks\openjdk-24\bin\net.dll
0x00007ff974ff0000 - 0x00007ff97505a000 	C:\Windows\system32\mswsock.dll
0x00007ff950fd0000 - 0x00007ff950fe6000 	C:\Users\eduardomacal-ieg\.jdks\openjdk-24\bin\nio.dll
0x00007ff9504b0000 - 0x00007ff9504ca000 	C:\Program Files\JetBrains\IntelliJ IDEA 2022.3.2\bin\breakgen64.dll
0x00007ff957a50000 - 0x00007ff957a59000 	C:\Users\eduardomacal-ieg\.jdks\openjdk-24\bin\extnet.dll
0x00007ff9742d0000 - 0x00007ff9743f5000 	C:\Windows\SYSTEM32\DNSAPI.dll
0x00007ff974290000 - 0x00007ff9742c3000 	C:\Windows\SYSTEM32\IPHLPAPI.DLL
0x00007ff976ca0000 - 0x00007ff976caa000 	C:\Windows\System32\NSI.dll
0x00007ff962e20000 - 0x00007ff962e2b000 	C:\Windows\System32\rasadhlp.dll
0x00007ff9645e0000 - 0x00007ff964665000 	C:\Windows\System32\fwpuclnt.dll
0x00007ff9519e0000 - 0x00007ff9519ea000 	C:\Users\eduardomacal-ieg\.jdks\openjdk-24\bin\management.dll
0x00007ff950fc0000 - 0x00007ff950fcb000 	C:\Users\eduardomacal-ieg\.jdks\openjdk-24\bin\management_ext.dll
0x00007ff976940000 - 0x00007ff976948000 	C:\Windows\System32\PSAPI.DLL
0x00007ff9753a0000 - 0x00007ff9753bc000 	C:\Windows\SYSTEM32\CRYPTSP.dll
0x00007ff974a50000 - 0x00007ff974a8a000 	C:\Windows\system32\rsaenh.dll
0x00007ff975090000 - 0x00007ff9750bb000 	C:\Windows\SYSTEM32\USERENV.dll
0x00007ff975c00000 - 0x00007ff975c26000 	C:\Windows\SYSTEM32\bcrypt.dll
0x00007ff975220000 - 0x00007ff97522c000 	C:\Windows\SYSTEM32\CRYPTBASE.dll
0x00007ff9438d0000 - 0x00007ff9438e8000 	C:\Windows\system32\napinsp.dll
0x00007ff9438b0000 - 0x00007ff9438c2000 	C:\Windows\System32\winrnr.dll
0x00007ff943870000 - 0x00007ff9438a0000 	C:\Windows\system32\nlansp_c.dll
0x00007ff9662e0000 - 0x00007ff9662f6000 	C:\Windows\system32\wshbth.dll
0x00007ff94cba0000 - 0x00007ff94cbee000 	C:\Windows\SYSTEM32\pdh.dll

dbghelp: loaded successfully - version: 4.0.5 - missing functions: none
symbol engine: initialized successfully - sym options: 0x614 - pdb path: .;C:\Users\eduardomacal-ieg\.jdks\openjdk-24\bin;C:\Windows\SYSTEM32;C:\Windows\WinSxS\amd64_microsoft.windows.common-controls_6595b64144ccf1df_6.0.26100.3624_none_3e086962e3345f24;C:\Users\eduardomacal-ieg\.jdks\openjdk-24\bin\server;C:\Users\eduardomacal-ieg\AppData\Local\Temp;C:\Program Files\JetBrains\IntelliJ IDEA 2022.3.2\bin

VM Arguments:
jvm_args: -javaagent:C:\Program Files\JetBrains\IntelliJ IDEA 2022.3.2\lib\idea_rt.jar=61184:C:\Program Files\JetBrains\IntelliJ IDEA 2022.3.2\bin -agentpath:C:\Users\eduardomacal-ieg\AppData\Local\Temp\libasyncProfiler.dll=start,jfr,event=cpu,interval=10ms,jfrsync=profile,cstack=no,file=C:\Users\eduardomacal-ieg\Executor_2025_05_23_083820.jfr -Dfile.encoding=UTF-8 -Dsun.stdout.encoding=UTF-8 -Dsun.stderr.encoding=UTF-8 
java_command: Tasks.Executor
java_class_path (initial): C:\Users\eduardomacal-ieg\OneDrive - Instituto J&F\germinare\2025\ti\lpr\array\projects\Exceptions\out\production\Exceptions
Launcher Type: SUN_STANDARD

[Global flags]
     intx CICompilerCount                          = 4                                         {product} {ergonomic}
     uint ConcGCThreads                            = 3                                         {product} {ergonomic}
     bool FlightRecorder                           = true                                      {product} {management}
     uint G1ConcRefinementThreads                  = 10                                        {product} {ergonomic}
   size_t G1HeapRegionSize                         = 2097152                                   {product} {ergonomic}
   size_t InitialHeapSize                          = 264241152                                 {product} {ergonomic}
   size_t MarkStackSize                            = 4194304                                   {product} {ergonomic}
   size_t MarkStackSizeMax                         = 536870912                                 {product} {ergonomic}
   size_t MaxHeapSize                              = 4213178368                                {product} {ergonomic}
   size_t MaxNewSize                               = 2527068160                                {product} {ergonomic}
   size_t MinHeapDeltaBytes                        = 2097152                                   {product} {ergonomic}
   size_t MinHeapSize                              = 8388608                                   {product} {ergonomic}
    uintx NonNMethodCodeHeapSize                   = 5832704                                {pd product} {ergonomic}
    uintx NonProfiledCodeHeapSize                  = 122945536                              {pd product} {ergonomic}
    uintx ProfiledCodeHeapSize                     = 122880000                              {pd product} {ergonomic}
    uintx ReservedCodeCacheSize                    = 251658240                              {pd product} {ergonomic}
     bool SegmentedCodeCache                       = true                                      {product} {ergonomic}
   size_t SoftMaxHeapSize                          = 4213178368                             {manageable} {ergonomic}
     bool UseCompressedOops                        = true                           {product lp64_product} {ergonomic}
     bool UseG1GC                                  = true                                      {product} {ergonomic}
     bool UseLargePagesIndividualAllocation        = false                                  {pd product} {ergonomic}

Logging:
Log output configuration:
 #0: stdout all=warning uptime,level,tags foldmultilines=false
 #1: stderr all=off uptime,level,tags foldmultilines=false

Environment Variables:
PATH=C:\Program Files\Python311\Scripts\;C:\Program Files\Python311\;C:\Windows\system32;C:\Windows;C:\Windows\System32\Wbem;C:\Windows\System32\WindowsPowerShell\v1.0\;C:\Windows\System32\OpenSSH\;C:\Program Files\dotnet\;C:\Program Files (x86)\Microsoft SQL Server\160\Tools\Binn\;C:\Program Files\Microsoft SQL Server\160\Tools\Binn\;C:\Program Files\Microsoft SQL Server\Client SDK\ODBC\170\Tools\Binn\;C:\Program Files\Microsoft SQL Server\160\DTS\Binn\;C:\Program Files\nodejs\;C:\Program Files (x86)\Microsoft SQL Server\160\DTS\Binn\;C:\Program Files\Azure Data Studio\bin;C:\Program Files\Docker\Docker\resources\bin;C:\Users\eduardomacal-ieg\AppData\Local\Microsoft\WindowsApps;C:\Users\eduardomacal-ieg\AppData\Local\Programs\Microsoft VS Code\bin;C:\Users\eduardomacal-ieg\AppData\Local\Programs\Git\cmd
USERNAME=eduardomacal-ieg
OS=Windows_NT
PROCESSOR_IDENTIFIER=Intel64 Family 6 Model 154 Stepping 4, GenuineIntel
TMP=C:\Users\EDUARD~1\AppData\Local\Temp
TEMP=C:\Users\EDUARD~1\AppData\Local\Temp




Periodic native trim disabled

---------------  S Y S T E M  ---------------

OS:
 Windows 11 , 64 bit Build 26100 (10.0.26100.3775)
OS uptime: 2 days 21:05 hours
Hyper-V role detected

CPU: total 12 (initial active 12) (6 cores per cpu, 2 threads per core) family 6 model 154 stepping 4 microcode 0x435, cx8, cmov, fxsr, ht, mmx, 3dnowpref, sse, sse2, sse3, ssse3, sse4.1, sse4.2, popcnt, lzcnt, tsc, tscinvbit, avx, avx2, aes, erms, clmul, bmi1, bmi2, adx, sha, fma, vzeroupper, clflush, clflushopt, clwb, hv, serialize, rdtscp, rdpid, fsrm, gfni, f16c, cet_ibt, cet_ss
Processor Information for processor 0
  Max Mhz: 1700, Current Mhz: 1700, Mhz Limit: 1700
Processor Information for processor 1
  Max Mhz: 1700, Current Mhz: 1700, Mhz Limit: 1700
Processor Information for processor 2
  Max Mhz: 1700, Current Mhz: 1700, Mhz Limit: 1700
Processor Information for processor 3
  Max Mhz: 1700, Current Mhz: 1700, Mhz Limit: 1700
Processor Information for processor 4
  Max Mhz: 1700, Current Mhz: 1700, Mhz Limit: 1700
Processor Information for processor 5
  Max Mhz: 1700, Current Mhz: 1700, Mhz Limit: 1700
Processor Information for processor 6
  Max Mhz: 1700, Current Mhz: 1558, Mhz Limit: 1700
Processor Information for processor 7
  Max Mhz: 1700, Current Mhz: 1700, Mhz Limit: 1700
Processor Information for processor 8
  Max Mhz: 1700, Current Mhz: 1700, Mhz Limit: 1700
Processor Information for processor 9
  Max Mhz: 1700, Current Mhz: 1700, Mhz Limit: 1700
Processor Information for processor 10
  Max Mhz: 1700, Current Mhz: 1700, Mhz Limit: 1700
Processor Information for processor 11
  Max Mhz: 1700, Current Mhz: 1700, Mhz Limit: 1700

Memory: 4k page, system-wide physical 16068M (2739M free)
TotalPageFile size 28356M (AvailPageFile size 4271M)
current process WorkingSet (physical memory assigned to process): 104M, peak: 108M
current process commit charge ("private bytes"): 396M, peak: 408M

vm_info: OpenJDK 64-Bit Server VM (24+36-3646) for windows-amd64 JRE (24+36-3646), built on 2025-02-06T00:20:43Z with MS VC++ 17.6 (VS2022)

END.
